Determining if the system is big endian passed with the following output:
Change Dir: /home/firefly/Work/mylibs/libsCompile/opencv-2.4.9/build/CMakeFiles/CMakeTmp

Run Build Command:"/usr/bin/make" "cmTC_ec3d9/fast"
/usr/bin/make -f CMakeFiles/cmTC_ec3d9.dir/build.make CMakeFiles/cmTC_ec3d9.dir/build
make[1]: Entering directory '/home/firefly/Work/mylibs/libsCompile/opencv-2.4.9/build/CMakeFiles/CMakeTmp'
Building C object CMakeFiles/cmTC_ec3d9.dir/TestEndianess.c.o
/usr/bin/cc    -fsigned-char -W -Wall -Werror=return-type -Werror=address -Werror=sequence-point -Wformat -Werror=format-security -Wmissing-declarations -Wmissing-prototypes -Wstrict-prototypes -Wundef -Winit-self -Wpointer-arith -Wshadow -Wno-narrowing -fdiagnostics-show-option -pthread -fomit-frame-pointer -ffunction-sections  -O3 -DNDEBUG   -o CMakeFiles/cmTC_ec3d9.dir/TestEndianess.c.o   -c /home/firefly/Work/mylibs/libsCompile/opencv-2.4.9/build/CMakeFiles/CMakeTmp/TestEndianess.c
Linking C executable cmTC_ec3d9
/usr/bin/cmake -E cmake_link_script CMakeFiles/cmTC_ec3d9.dir/link.txt --verbose=1
/usr/bin/cc     -fsigned-char -W -Wall -Werror=return-type -Werror=address -Werror=sequence-point -Wformat -Werror=format-security -Wmissing-declarations -Wmissing-prototypes -Wstrict-prototypes -Wundef -Winit-self -Wpointer-arith -Wshadow -Wno-narrowing -fdiagnostics-show-option -pthread -fomit-frame-pointer -ffunction-sections  -O3 -DNDEBUG    CMakeFiles/cmTC_ec3d9.dir/TestEndianess.c.o  -o cmTC_ec3d9 -rdynamic 
make[1]: Leaving directory '/home/firefly/Work/mylibs/libsCompile/opencv-2.4.9/build/CMakeFiles/CMakeTmp'

TestEndianess.c:
/* A 16 bit integer is required. */
typedef unsigned short cmakeint16;

/* On a little endian machine, these 16bit ints will give "THIS IS LITTLE ENDIAN."
   On a big endian machine the characters will be exchanged pairwise. */
const cmakeint16 info_little[] =  {0x4854, 0x5349, 0x4920, 0x2053, 0x494c, 0x5454, 0x454c, 0x4520, 0x444e, 0x4149, 0x2e4e, 0x0000};

/* on a big endian machine, these 16bit ints will give "THIS IS BIG ENDIAN."
   On a little endian machine the characters will be exchanged pairwise. */
const cmakeint16 info_big[] =     {0x5448, 0x4953, 0x2049, 0x5320, 0x4249, 0x4720, 0x454e, 0x4449, 0x414e, 0x2e2e, 0x0000};

#ifdef __CLASSIC_C__
int main(argc, argv) int argc; char *argv[];
#else
int main(int argc, char *argv[])
#endif
{
  int require = 0;
  require += info_little[argc];
  require += info_big[argc];
  (void)argv;
  return require;
}


Determining if the include file io.h exists failed with the following output:
Change Dir: /home/firefly/Work/mylibs/libsCompile/opencv-2.4.9/build/CMakeFiles/CMakeTmp

Run Build Command:"/usr/bin/make" "cmTC_05c19/fast"
/usr/bin/make -f CMakeFiles/cmTC_05c19.dir/build.make CMakeFiles/cmTC_05c19.dir/build
make[1]: Entering directory '/home/firefly/Work/mylibs/libsCompile/opencv-2.4.9/build/CMakeFiles/CMakeTmp'
Building C object CMakeFiles/cmTC_05c19.dir/CheckIncludeFile.c.o
/usr/bin/cc    -fsigned-char -W -Wall -Werror=return-type -Werror=address -Werror=sequence-point -Wformat -Werror=format-security -Wmissing-declarations -Wmissing-prototypes -Wstrict-prototypes -Wundef -Winit-self -Wpointer-arith -Wshadow -Wno-narrowing -fdiagnostics-show-option -pthread -fomit-frame-pointer -ffunction-sections  -O3 -DNDEBUG   -o CMakeFiles/cmTC_05c19.dir/CheckIncludeFile.c.o   -c /home/firefly/Work/mylibs/libsCompile/opencv-2.4.9/build/CMakeFiles/CMakeTmp/CheckIncludeFile.c
/home/firefly/Work/mylibs/libsCompile/opencv-2.4.9/build/CMakeFiles/CMakeTmp/CheckIncludeFile.c:1:16: fatal error: io.h: No such file or directory
compilation terminated.
CMakeFiles/cmTC_05c19.dir/build.make:65: recipe for target 'CMakeFiles/cmTC_05c19.dir/CheckIncludeFile.c.o' failed
make[1]: *** [CMakeFiles/cmTC_05c19.dir/CheckIncludeFile.c.o] Error 1
make[1]: Leaving directory '/home/firefly/Work/mylibs/libsCompile/opencv-2.4.9/build/CMakeFiles/CMakeTmp'
Makefile:126: recipe for target 'cmTC_05c19/fast' failed
make: *** [cmTC_05c19/fast] Error 2


Determining if the function jbg_newlen exists failed with the following output:
Change Dir: /home/firefly/Work/mylibs/libsCompile/opencv-2.4.9/build/CMakeFiles/CMakeTmp

Run Build Command:"/usr/bin/make" "cmTC_5485d/fast"
/usr/bin/make -f CMakeFiles/cmTC_5485d.dir/build.make CMakeFiles/cmTC_5485d.dir/build
make[1]: Entering directory '/home/firefly/Work/mylibs/libsCompile/opencv-2.4.9/build/CMakeFiles/CMakeTmp'
Building C object CMakeFiles/cmTC_5485d.dir/CheckFunctionExists.c.o
/usr/bin/cc    -fsigned-char -W -Wall -Werror=return-type -Werror=address -Werror=sequence-point -Wformat -Werror=format-security -Wmissing-declarations -Wmissing-prototypes -Wstrict-prototypes -Wundef -Winit-self -Wpointer-arith -Wshadow -Wno-narrowing -fdiagnostics-show-option -pthread -fomit-frame-pointer -ffunction-sections -DCHECK_FUNCTION_EXISTS=jbg_newlen -O3 -DNDEBUG   -o CMakeFiles/cmTC_5485d.dir/CheckFunctionExists.c.o   -c /usr/share/cmake-3.5/Modules/CheckFunctionExists.c
/usr/share/cmake-3.5/Modules/CheckFunctionExists.c:6:1: warning: function declaration isnâ€™t a prototype [-Wstrict-prototypes]
 char CHECK_FUNCTION_EXISTS();
 ^
Linking C executable cmTC_5485d
/usr/bin/cmake -E cmake_link_script CMakeFiles/cmTC_5485d.dir/link.txt --verbose=1
/usr/bin/cc     -fsigned-char -W -Wall -Werror=return-type -Werror=address -Werror=sequence-point -Wformat -Werror=format-security -Wmissing-declarations -Wmissing-prototypes -Wstrict-prototypes -Wundef -Winit-self -Wpointer-arith -Wshadow -Wno-narrowing -fdiagnostics-show-option -pthread -fomit-frame-pointer -ffunction-sections -DCHECK_FUNCTION_EXISTS=jbg_newlen -O3 -DNDEBUG    CMakeFiles/cmTC_5485d.dir/CheckFunctionExists.c.o  -o cmTC_5485d -rdynamic 
CMakeFiles/cmTC_5485d.dir/CheckFunctionExists.c.o: In function `main':
CheckFunctionExists.c:(.text.startup.main+0x10): undefined reference to `jbg_newlen'
collect2: error: ld returned 1 exit status
CMakeFiles/cmTC_5485d.dir/build.make:97: recipe for target 'cmTC_5485d' failed
make[1]: *** [cmTC_5485d] Error 1
make[1]: Leaving directory '/home/firefly/Work/mylibs/libsCompile/opencv-2.4.9/build/CMakeFiles/CMakeTmp'
Makefile:126: recipe for target 'cmTC_5485d/fast' failed
make: *** [cmTC_5485d/fast] Error 2


Determining if the include file linux/videodev.h exists failed with the following output:
Change Dir: /home/firefly/Work/mylibs/libsCompile/opencv-2.4.9/build/CMakeFiles/CMakeTmp

Run Build Command:"/usr/bin/make" "cmTC_66329/fast"
/usr/bin/make -f CMakeFiles/cmTC_66329.dir/build.make CMakeFiles/cmTC_66329.dir/build
make[1]: Entering directory '/home/firefly/Work/mylibs/libsCompile/opencv-2.4.9/build/CMakeFiles/CMakeTmp'
Building C object CMakeFiles/cmTC_66329.dir/CheckIncludeFile.c.o
/usr/bin/cc    -fsigned-char -W -Wall -Werror=return-type -Werror=address -Werror=sequence-point -Wformat -Werror=format-security -Wmissing-declarations -Wmissing-prototypes -Wstrict-prototypes -Wundef -Winit-self -Wpointer-arith -Wshadow -Wno-narrowing -fdiagnostics-show-option -pthread -fomit-frame-pointer -ffunction-sections  -O3 -DNDEBUG   -o CMakeFiles/cmTC_66329.dir/CheckIncludeFile.c.o   -c /home/firefly/Work/mylibs/libsCompile/opencv-2.4.9/build/CMakeFiles/CMakeTmp/CheckIncludeFile.c
/home/firefly/Work/mylibs/libsCompile/opencv-2.4.9/build/CMakeFiles/CMakeTmp/CheckIncludeFile.c:1:28: fatal error: linux/videodev.h: No such file or directory
compilation terminated.
CMakeFiles/cmTC_66329.dir/build.make:65: recipe for target 'CMakeFiles/cmTC_66329.dir/CheckIncludeFile.c.o' failed
make[1]: *** [CMakeFiles/cmTC_66329.dir/CheckIncludeFile.c.o] Error 1
make[1]: Leaving directory '/home/firefly/Work/mylibs/libsCompile/opencv-2.4.9/build/CMakeFiles/CMakeTmp'
Makefile:126: recipe for target 'cmTC_66329/fast' failed
make: *** [cmTC_66329/fast] Error 2


Determining if the include file sys/videoio.h exists failed with the following output:
Change Dir: /home/firefly/Work/mylibs/libsCompile/opencv-2.4.9/build/CMakeFiles/CMakeTmp

Run Build Command:"/usr/bin/make" "cmTC_f3b2d/fast"
/usr/bin/make -f CMakeFiles/cmTC_f3b2d.dir/build.make CMakeFiles/cmTC_f3b2d.dir/build
make[1]: Entering directory '/home/firefly/Work/mylibs/libsCompile/opencv-2.4.9/build/CMakeFiles/CMakeTmp'
Building C object CMakeFiles/cmTC_f3b2d.dir/CheckIncludeFile.c.o
/usr/bin/cc    -fsigned-char -W -Wall -Werror=return-type -Werror=address -Werror=sequence-point -Wformat -Werror=format-security -Wmissing-declarations -Wmissing-prototypes -Wstrict-prototypes -Wundef -Winit-self -Wpointer-arith -Wshadow -Wno-narrowing -fdiagnostics-show-option -pthread -fomit-frame-pointer -ffunction-sections  -O3 -DNDEBUG   -o CMakeFiles/cmTC_f3b2d.dir/CheckIncludeFile.c.o   -c /home/firefly/Work/mylibs/libsCompile/opencv-2.4.9/build/CMakeFiles/CMakeTmp/CheckIncludeFile.c
/home/firefly/Work/mylibs/libsCompile/opencv-2.4.9/build/CMakeFiles/CMakeTmp/CheckIncludeFile.c:1:25: fatal error: sys/videoio.h: No such file or directory
compilation terminated.
CMakeFiles/cmTC_f3b2d.dir/build.make:65: recipe for target 'CMakeFiles/cmTC_f3b2d.dir/CheckIncludeFile.c.o' failed
make[1]: *** [CMakeFiles/cmTC_f3b2d.dir/CheckIncludeFile.c.o] Error 1
make[1]: Leaving directory '/home/firefly/Work/mylibs/libsCompile/opencv-2.4.9/build/CMakeFiles/CMakeTmp'
Makefile:126: recipe for target 'cmTC_f3b2d/fast' failed
make: *** [cmTC_f3b2d/fast] Error 2


Determining if the include file ffmpeg/avformat.h exists failed with the following output:
Change Dir: /home/firefly/Work/mylibs/libsCompile/opencv-2.4.9/build/CMakeFiles/CMakeTmp

Run Build Command:"/usr/bin/make" "cmTC_13f31/fast"
/usr/bin/make -f CMakeFiles/cmTC_13f31.dir/build.make CMakeFiles/cmTC_13f31.dir/build
make[1]: Entering directory '/home/firefly/Work/mylibs/libsCompile/opencv-2.4.9/build/CMakeFiles/CMakeTmp'
Building C object CMakeFiles/cmTC_13f31.dir/CheckIncludeFile.c.o
/usr/bin/cc    -fsigned-char -W -Wall -Werror=return-type -Werror=address -Werror=sequence-point -Wformat -Werror=format-security -Wmissing-declarations -Wmissing-prototypes -Wstrict-prototypes -Wundef -Winit-self -Wpointer-arith -Wshadow -Wno-narrowing -fdiagnostics-show-option -pthread -fomit-frame-pointer -ffunction-sections  -O3 -DNDEBUG   -o CMakeFiles/cmTC_13f31.dir/CheckIncludeFile.c.o   -c /home/firefly/Work/mylibs/libsCompile/opencv-2.4.9/build/CMakeFiles/CMakeTmp/CheckIncludeFile.c
/home/firefly/Work/mylibs/libsCompile/opencv-2.4.9/build/CMakeFiles/CMakeTmp/CheckIncludeFile.c:1:29: fatal error: ffmpeg/avformat.h: No such file or directory
compilation terminated.
CMakeFiles/cmTC_13f31.dir/build.make:65: recipe for target 'CMakeFiles/cmTC_13f31.dir/CheckIncludeFile.c.o' failed
make[1]: *** [CMakeFiles/cmTC_13f31.dir/CheckIncludeFile.c.o] Error 1
make[1]: Leaving directory '/home/firefly/Work/mylibs/libsCompile/opencv-2.4.9/build/CMakeFiles/CMakeTmp'
Makefile:126: recipe for target 'cmTC_13f31/fast' failed
make: *** [cmTC_13f31/fast] Error 2


Determining if the include file linux/videodev.h exists failed with the following output:
Change Dir: /home/firefly/Work/mylibs/libsCompile/opencv-2.4.9/build/CMakeFiles/CMakeTmp

Run Build Command:"/usr/bin/make" "cmTC_4f711/fast"
/usr/bin/make -f CMakeFiles/cmTC_4f711.dir/build.make CMakeFiles/cmTC_4f711.dir/build
make[1]: Entering directory '/home/firefly/Work/mylibs/libsCompile/opencv-2.4.9/build/CMakeFiles/CMakeTmp'
Building C object CMakeFiles/cmTC_4f711.dir/CheckIncludeFile.c.o
/usr/bin/cc    -fsigned-char -W -Wall -Werror=return-type -Werror=address -Werror=sequence-point -Wformat -Werror=format-security -Wmissing-declarations -Wmissing-prototypes -Wstrict-prototypes -Wundef -Winit-self -Wpointer-arith -Wshadow -Wno-narrowing -fdiagnostics-show-option -pthread -fomit-frame-pointer -ffunction-sections  -O3 -DNDEBUG   -o CMakeFiles/cmTC_4f711.dir/CheckIncludeFile.c.o   -c /home/firefly/Work/mylibs/libsCompile/opencv-2.4.9/build/CMakeFiles/CMakeTmp/CheckIncludeFile.c
/home/firefly/Work/mylibs/libsCompile/opencv-2.4.9/build/CMakeFiles/CMakeTmp/CheckIncludeFile.c:1:28: fatal error: linux/videodev.h: No such file or directory
compilation terminated.
CMakeFiles/cmTC_4f711.dir/build.make:65: recipe for target 'CMakeFiles/cmTC_4f711.dir/CheckIncludeFile.c.o' failed
make[1]: *** [CMakeFiles/cmTC_4f711.dir/CheckIncludeFile.c.o] Error 1
make[1]: Leaving directory '/home/firefly/Work/mylibs/libsCompile/opencv-2.4.9/build/CMakeFiles/CMakeTmp'
Makefile:126: recipe for target 'cmTC_4f711/fast' failed
make: *** [cmTC_4f711/fast] Error 2


Determining if the include file sys/videoio.h exists failed with the following output:
Change Dir: /home/firefly/Work/mylibs/libsCompile/opencv-2.4.9/build/CMakeFiles/CMakeTmp

Run Build Command:"/usr/bin/make" "cmTC_907a8/fast"
/usr/bin/make -f CMakeFiles/cmTC_907a8.dir/build.make CMakeFiles/cmTC_907a8.dir/build
make[1]: Entering directory '/home/firefly/Work/mylibs/libsCompile/opencv-2.4.9/build/CMakeFiles/CMakeTmp'
Building C object CMakeFiles/cmTC_907a8.dir/CheckIncludeFile.c.o
/usr/bin/cc    -fsigned-char -W -Wall -Werror=return-type -Werror=address -Werror=sequence-point -Wformat -Werror=format-security -Wmissing-declarations -Wmissing-prototypes -Wstrict-prototypes -Wundef -Winit-self -Wpointer-arith -Wshadow -Wno-narrowing -fdiagnostics-show-option -pthread -fomit-frame-pointer -ffunction-sections  -O3 -DNDEBUG   -o CMakeFiles/cmTC_907a8.dir/CheckIncludeFile.c.o   -c /home/firefly/Work/mylibs/libsCompile/opencv-2.4.9/build/CMakeFiles/CMakeTmp/CheckIncludeFile.c
/home/firefly/Work/mylibs/libsCompile/opencv-2.4.9/build/CMakeFiles/CMakeTmp/CheckIncludeFile.c:1:25: fatal error: sys/videoio.h: No such file or directory
compilation terminated.
CMakeFiles/cmTC_907a8.dir/build.make:65: recipe for target 'CMakeFiles/cmTC_907a8.dir/CheckIncludeFile.c.o' failed
make[1]: *** [CMakeFiles/cmTC_907a8.dir/CheckIncludeFile.c.o] Error 1
make[1]: Leaving directory '/home/firefly/Work/mylibs/libsCompile/opencv-2.4.9/build/CMakeFiles/CMakeTmp'
Makefile:126: recipe for target 'cmTC_907a8/fast' failed
make: *** [cmTC_907a8/fast] Error 2


Determining if the include file ffmpeg/avformat.h exists failed with the following output:
Change Dir: /home/firefly/Work/mylibs/libsCompile/opencv-2.4.9/build/CMakeFiles/CMakeTmp

Run Build Command:"/usr/bin/make" "cmTC_5ff71/fast"
/usr/bin/make -f CMakeFiles/cmTC_5ff71.dir/build.make CMakeFiles/cmTC_5ff71.dir/build
make[1]: Entering directory '/home/firefly/Work/mylibs/libsCompile/opencv-2.4.9/build/CMakeFiles/CMakeTmp'
Building C object CMakeFiles/cmTC_5ff71.dir/CheckIncludeFile.c.o
/usr/bin/cc    -fsigned-char -W -Wall -Werror=return-type -Werror=address -Werror=sequence-point -Wformat -Werror=format-security -Wmissing-declarations -Wmissing-prototypes -Wstrict-prototypes -Wundef -Winit-self -Wpointer-arith -Wshadow -Wno-narrowing -fdiagnostics-show-option -pthread -fomit-frame-pointer -ffunction-sections  -O3 -DNDEBUG   -o CMakeFiles/cmTC_5ff71.dir/CheckIncludeFile.c.o   -c /home/firefly/Work/mylibs/libsCompile/opencv-2.4.9/build/CMakeFiles/CMakeTmp/CheckIncludeFile.c
/home/firefly/Work/mylibs/libsCompile/opencv-2.4.9/build/CMakeFiles/CMakeTmp/CheckIncludeFile.c:1:29: fatal error: ffmpeg/avformat.h: No such file or directory
compilation terminated.
CMakeFiles/cmTC_5ff71.dir/build.make:65: recipe for target 'CMakeFiles/cmTC_5ff71.dir/CheckIncludeFile.c.o' failed
make[1]: *** [CMakeFiles/cmTC_5ff71.dir/CheckIncludeFile.c.o] Error 1
make[1]: Leaving directory '/home/firefly/Work/mylibs/libsCompile/opencv-2.4.9/build/CMakeFiles/CMakeTmp'
Makefile:126: recipe for target 'cmTC_5ff71/fast' failed
make: *** [cmTC_5ff71/fast] Error 2


Determining if the include file linux/videodev.h exists failed with the following output:
Change Dir: /home/firefly/Work/mylibs/libsCompile/opencv-2.4.9/build/CMakeFiles/CMakeTmp

Run Build Command:"/usr/bin/make" "cmTC_8afec/fast"
/usr/bin/make -f CMakeFiles/cmTC_8afec.dir/build.make CMakeFiles/cmTC_8afec.dir/build
make[1]: Entering directory '/home/firefly/Work/mylibs/libsCompile/opencv-2.4.9/build/CMakeFiles/CMakeTmp'
Building C object CMakeFiles/cmTC_8afec.dir/CheckIncludeFile.c.o
/usr/bin/cc    -fsigned-char -W -Wall -Werror=return-type -Werror=address -Werror=sequence-point -Wformat -Werror=format-security -Wmissing-declarations -Wmissing-prototypes -Wstrict-prototypes -Wundef -Winit-self -Wpointer-arith -Wshadow -Wno-narrowing -fdiagnostics-show-option -pthread -fomit-frame-pointer -ffunction-sections  -O3 -DNDEBUG   -o CMakeFiles/cmTC_8afec.dir/CheckIncludeFile.c.o   -c /home/firefly/Work/mylibs/libsCompile/opencv-2.4.9/build/CMakeFiles/CMakeTmp/CheckIncludeFile.c
/home/firefly/Work/mylibs/libsCompile/opencv-2.4.9/build/CMakeFiles/CMakeTmp/CheckIncludeFile.c:1:28: fatal error: linux/videodev.h: No such file or directory
compilation terminated.
CMakeFiles/cmTC_8afec.dir/build.make:65: recipe for target 'CMakeFiles/cmTC_8afec.dir/CheckIncludeFile.c.o' failed
make[1]: *** [CMakeFiles/cmTC_8afec.dir/CheckIncludeFile.c.o] Error 1
make[1]: Leaving directory '/home/firefly/Work/mylibs/libsCompile/opencv-2.4.9/build/CMakeFiles/CMakeTmp'
Makefile:126: recipe for target 'cmTC_8afec/fast' failed
make: *** [cmTC_8afec/fast] Error 2


Determining if the include file sys/videoio.h exists failed with the following output:
Change Dir: /home/firefly/Work/mylibs/libsCompile/opencv-2.4.9/build/CMakeFiles/CMakeTmp

Run Build Command:"/usr/bin/make" "cmTC_dc23c/fast"
/usr/bin/make -f CMakeFiles/cmTC_dc23c.dir/build.make CMakeFiles/cmTC_dc23c.dir/build
make[1]: Entering directory '/home/firefly/Work/mylibs/libsCompile/opencv-2.4.9/build/CMakeFiles/CMakeTmp'
Building C object CMakeFiles/cmTC_dc23c.dir/CheckIncludeFile.c.o
/usr/bin/cc    -fsigned-char -W -Wall -Werror=return-type -Werror=address -Werror=sequence-point -Wformat -Werror=format-security -Wmissing-declarations -Wmissing-prototypes -Wstrict-prototypes -Wundef -Winit-self -Wpointer-arith -Wshadow -Wno-narrowing -fdiagnostics-show-option -pthread -fomit-frame-pointer -ffunction-sections  -O3 -DNDEBUG   -o CMakeFiles/cmTC_dc23c.dir/CheckIncludeFile.c.o   -c /home/firefly/Work/mylibs/libsCompile/opencv-2.4.9/build/CMakeFiles/CMakeTmp/CheckIncludeFile.c
/home/firefly/Work/mylibs/libsCompile/opencv-2.4.9/build/CMakeFiles/CMakeTmp/CheckIncludeFile.c:1:25: fatal error: sys/videoio.h: No such file or directory
compilation terminated.
CMakeFiles/cmTC_dc23c.dir/build.make:65: recipe for target 'CMakeFiles/cmTC_dc23c.dir/CheckIncludeFile.c.o' failed
make[1]: *** [CMakeFiles/cmTC_dc23c.dir/CheckIncludeFile.c.o] Error 1
make[1]: Leaving directory '/home/firefly/Work/mylibs/libsCompile/opencv-2.4.9/build/CMakeFiles/CMakeTmp'
Makefile:126: recipe for target 'cmTC_dc23c/fast' failed
make: *** [cmTC_dc23c/fast] Error 2


Determining if the include file ffmpeg/avformat.h exists failed with the following output:
Change Dir: /home/firefly/Work/mylibs/libsCompile/opencv-2.4.9/build/CMakeFiles/CMakeTmp

Run Build Command:"/usr/bin/make" "cmTC_b9137/fast"
/usr/bin/make -f CMakeFiles/cmTC_b9137.dir/build.make CMakeFiles/cmTC_b9137.dir/build
make[1]: Entering directory '/home/firefly/Work/mylibs/libsCompile/opencv-2.4.9/build/CMakeFiles/CMakeTmp'
Building C object CMakeFiles/cmTC_b9137.dir/CheckIncludeFile.c.o
/usr/bin/cc    -fsigned-char -W -Wall -Werror=return-type -Werror=address -Werror=sequence-point -Wformat -Werror=format-security -Wmissing-declarations -Wmissing-prototypes -Wstrict-prototypes -Wundef -Winit-self -Wpointer-arith -Wshadow -Wno-narrowing -fdiagnostics-show-option -pthread -fomit-frame-pointer -ffunction-sections  -O3 -DNDEBUG   -o CMakeFiles/cmTC_b9137.dir/CheckIncludeFile.c.o   -c /home/firefly/Work/mylibs/libsCompile/opencv-2.4.9/build/CMakeFiles/CMakeTmp/CheckIncludeFile.c
/home/firefly/Work/mylibs/libsCompile/opencv-2.4.9/build/CMakeFiles/CMakeTmp/CheckIncludeFile.c:1:29: fatal error: ffmpeg/avformat.h: No such file or directory
compilation terminated.
CMakeFiles/cmTC_b9137.dir/build.make:65: recipe for target 'CMakeFiles/cmTC_b9137.dir/CheckIncludeFile.c.o' failed
make[1]: *** [CMakeFiles/cmTC_b9137.dir/CheckIncludeFile.c.o] Error 1
make[1]: Leaving directory '/home/firefly/Work/mylibs/libsCompile/opencv-2.4.9/build/CMakeFiles/CMakeTmp'
Makefile:126: recipe for target 'cmTC_b9137/fast' failed
make: *** [cmTC_b9137/fast] Error 2


Determining if the include file linux/videodev.h exists failed with the following output:
Change Dir: /home/firefly/Work/mylibs/libsCompile/opencv-2.4.9/build/CMakeFiles/CMakeTmp

Run Build Command:"/usr/bin/make" "cmTC_914f0/fast"
/usr/bin/make -f CMakeFiles/cmTC_914f0.dir/build.make CMakeFiles/cmTC_914f0.dir/build
make[1]: Entering directory '/home/firefly/Work/mylibs/libsCompile/opencv-2.4.9/build/CMakeFiles/CMakeTmp'
Building C object CMakeFiles/cmTC_914f0.dir/CheckIncludeFile.c.o
/usr/bin/cc    -fsigned-char -W -Wall -Werror=return-type -Werror=address -Werror=sequence-point -Wformat -Werror=format-security -Wmissing-declarations -Wmissing-prototypes -Wstrict-prototypes -Wundef -Winit-self -Wpointer-arith -Wshadow -Wno-narrowing -fdiagnostics-show-option -pthread -fomit-frame-pointer -ffunction-sections  -O3 -DNDEBUG   -o CMakeFiles/cmTC_914f0.dir/CheckIncludeFile.c.o   -c /home/firefly/Work/mylibs/libsCompile/opencv-2.4.9/build/CMakeFiles/CMakeTmp/CheckIncludeFile.c
/home/firefly/Work/mylibs/libsCompile/opencv-2.4.9/build/CMakeFiles/CMakeTmp/CheckIncludeFile.c:1:28: fatal error: linux/videodev.h: No such file or directory
compilation terminated.
CMakeFiles/cmTC_914f0.dir/build.make:65: recipe for target 'CMakeFiles/cmTC_914f0.dir/CheckIncludeFile.c.o' failed
make[1]: *** [CMakeFiles/cmTC_914f0.dir/CheckIncludeFile.c.o] Error 1
make[1]: Leaving directory '/home/firefly/Work/mylibs/libsCompile/opencv-2.4.9/build/CMakeFiles/CMakeTmp'
Makefile:126: recipe for target 'cmTC_914f0/fast' failed
make: *** [cmTC_914f0/fast] Error 2


Determining if the include file sys/videoio.h exists failed with the following output:
Change Dir: /home/firefly/Work/mylibs/libsCompile/opencv-2.4.9/build/CMakeFiles/CMakeTmp

Run Build Command:"/usr/bin/make" "cmTC_82157/fast"
/usr/bin/make -f CMakeFiles/cmTC_82157.dir/build.make CMakeFiles/cmTC_82157.dir/build
make[1]: Entering directory '/home/firefly/Work/mylibs/libsCompile/opencv-2.4.9/build/CMakeFiles/CMakeTmp'
Building C object CMakeFiles/cmTC_82157.dir/CheckIncludeFile.c.o
/usr/bin/cc    -fsigned-char -W -Wall -Werror=return-type -Werror=address -Werror=sequence-point -Wformat -Werror=format-security -Wmissing-declarations -Wmissing-prototypes -Wstrict-prototypes -Wundef -Winit-self -Wpointer-arith -Wshadow -Wno-narrowing -fdiagnostics-show-option -pthread -fomit-frame-pointer -ffunction-sections  -O3 -DNDEBUG   -o CMakeFiles/cmTC_82157.dir/CheckIncludeFile.c.o   -c /home/firefly/Work/mylibs/libsCompile/opencv-2.4.9/build/CMakeFiles/CMakeTmp/CheckIncludeFile.c
/home/firefly/Work/mylibs/libsCompile/opencv-2.4.9/build/CMakeFiles/CMakeTmp/CheckIncludeFile.c:1:25: fatal error: sys/videoio.h: No such file or directory
compilation terminated.
CMakeFiles/cmTC_82157.dir/build.make:65: recipe for target 'CMakeFiles/cmTC_82157.dir/CheckIncludeFile.c.o' failed
make[1]: *** [CMakeFiles/cmTC_82157.dir/CheckIncludeFile.c.o] Error 1
make[1]: Leaving directory '/home/firefly/Work/mylibs/libsCompile/opencv-2.4.9/build/CMakeFiles/CMakeTmp'
Makefile:126: recipe for target 'cmTC_82157/fast' failed
make: *** [cmTC_82157/fast] Error 2


Determining if the include file ffmpeg/avformat.h exists failed with the following output:
Change Dir: /home/firefly/Work/mylibs/libsCompile/opencv-2.4.9/build/CMakeFiles/CMakeTmp

Run Build Command:"/usr/bin/make" "cmTC_41d96/fast"
/usr/bin/make -f CMakeFiles/cmTC_41d96.dir/build.make CMakeFiles/cmTC_41d96.dir/build
make[1]: Entering directory '/home/firefly/Work/mylibs/libsCompile/opencv-2.4.9/build/CMakeFiles/CMakeTmp'
Building C object CMakeFiles/cmTC_41d96.dir/CheckIncludeFile.c.o
/usr/bin/cc    -fsigned-char -W -Wall -Werror=return-type -Werror=address -Werror=sequence-point -Wformat -Werror=format-security -Wmissing-declarations -Wmissing-prototypes -Wstrict-prototypes -Wundef -Winit-self -Wpointer-arith -Wshadow -Wno-narrowing -fdiagnostics-show-option -pthread -fomit-frame-pointer -ffunction-sections  -O3 -DNDEBUG   -o CMakeFiles/cmTC_41d96.dir/CheckIncludeFile.c.o   -c /home/firefly/Work/mylibs/libsCompile/opencv-2.4.9/build/CMakeFiles/CMakeTmp/CheckIncludeFile.c
/home/firefly/Work/mylibs/libsCompile/opencv-2.4.9/build/CMakeFiles/CMakeTmp/CheckIncludeFile.c:1:29: fatal error: ffmpeg/avformat.h: No such file or directory
compilation terminated.
CMakeFiles/cmTC_41d96.dir/build.make:65: recipe for target 'CMakeFiles/cmTC_41d96.dir/CheckIncludeFile.c.o' failed
make[1]: *** [CMakeFiles/cmTC_41d96.dir/CheckIncludeFile.c.o] Error 1
make[1]: Leaving directory '/home/firefly/Work/mylibs/libsCompile/opencv-2.4.9/build/CMakeFiles/CMakeTmp'
Makefile:126: recipe for target 'cmTC_41d96/fast' failed
make: *** [cmTC_41d96/fast] Error 2


Determining if the include file linux/videodev.h exists failed with the following output:
Change Dir: /home/firefly/Work/mylibs/libsCompile/opencv-2.4.9/build/CMakeFiles/CMakeTmp

Run Build Command:"/usr/bin/make" "cmTC_76f6a/fast"
/usr/bin/make -f CMakeFiles/cmTC_76f6a.dir/build.make CMakeFiles/cmTC_76f6a.dir/build
make[1]: Entering directory '/home/firefly/Work/mylibs/libsCompile/opencv-2.4.9/build/CMakeFiles/CMakeTmp'
Building C object CMakeFiles/cmTC_76f6a.dir/CheckIncludeFile.c.o
/usr/bin/cc    -fsigned-char -W -Wall -Werror=return-type -Werror=address -Werror=sequence-point -Wformat -Werror=format-security -Wmissing-declarations -Wmissing-prototypes -Wstrict-prototypes -Wundef -Winit-self -Wpointer-arith -Wshadow -Wno-narrowing -fdiagnostics-show-option -pthread -fomit-frame-pointer -ffunction-sections  -O3 -DNDEBUG   -o CMakeFiles/cmTC_76f6a.dir/CheckIncludeFile.c.o   -c /home/firefly/Work/mylibs/libsCompile/opencv-2.4.9/build/CMakeFiles/CMakeTmp/CheckIncludeFile.c
/home/firefly/Work/mylibs/libsCompile/opencv-2.4.9/build/CMakeFiles/CMakeTmp/CheckIncludeFile.c:1:28: fatal error: linux/videodev.h: No such file or directory
compilation terminated.
CMakeFiles/cmTC_76f6a.dir/build.make:65: recipe for target 'CMakeFiles/cmTC_76f6a.dir/CheckIncludeFile.c.o' failed
make[1]: *** [CMakeFiles/cmTC_76f6a.dir/CheckIncludeFile.c.o] Error 1
make[1]: Leaving directory '/home/firefly/Work/mylibs/libsCompile/opencv-2.4.9/build/CMakeFiles/CMakeTmp'
Makefile:126: recipe for target 'cmTC_76f6a/fast' failed
make: *** [cmTC_76f6a/fast] Error 2


Determining if the include file sys/videoio.h exists failed with the following output:
Change Dir: /home/firefly/Work/mylibs/libsCompile/opencv-2.4.9/build/CMakeFiles/CMakeTmp

Run Build Command:"/usr/bin/make" "cmTC_69ed8/fast"
/usr/bin/make -f CMakeFiles/cmTC_69ed8.dir/build.make CMakeFiles/cmTC_69ed8.dir/build
make[1]: Entering directory '/home/firefly/Work/mylibs/libsCompile/opencv-2.4.9/build/CMakeFiles/CMakeTmp'
Building C object CMakeFiles/cmTC_69ed8.dir/CheckIncludeFile.c.o
/usr/bin/cc    -fsigned-char -W -Wall -Werror=return-type -Werror=address -Werror=sequence-point -Wformat -Werror=format-security -Wmissing-declarations -Wmissing-prototypes -Wstrict-prototypes -Wundef -Winit-self -Wpointer-arith -Wshadow -Wno-narrowing -fdiagnostics-show-option -pthread -fomit-frame-pointer -ffunction-sections  -O3 -DNDEBUG   -o CMakeFiles/cmTC_69ed8.dir/CheckIncludeFile.c.o   -c /home/firefly/Work/mylibs/libsCompile/opencv-2.4.9/build/CMakeFiles/CMakeTmp/CheckIncludeFile.c
/home/firefly/Work/mylibs/libsCompile/opencv-2.4.9/build/CMakeFiles/CMakeTmp/CheckIncludeFile.c:1:25: fatal error: sys/videoio.h: No such file or directory
compilation terminated.
CMakeFiles/cmTC_69ed8.dir/build.make:65: recipe for target 'CMakeFiles/cmTC_69ed8.dir/CheckIncludeFile.c.o' failed
make[1]: *** [CMakeFiles/cmTC_69ed8.dir/CheckIncludeFile.c.o] Error 1
make[1]: Leaving directory '/home/firefly/Work/mylibs/libsCompile/opencv-2.4.9/build/CMakeFiles/CMakeTmp'
Makefile:126: recipe for target 'cmTC_69ed8/fast' failed
make: *** [cmTC_69ed8/fast] Error 2


Determining if the include file ffmpeg/avformat.h exists failed with the following output:
Change Dir: /home/firefly/Work/mylibs/libsCompile/opencv-2.4.9/build/CMakeFiles/CMakeTmp

Run Build Command:"/usr/bin/make" "cmTC_2501a/fast"
/usr/bin/make -f CMakeFiles/cmTC_2501a.dir/build.make CMakeFiles/cmTC_2501a.dir/build
make[1]: Entering directory '/home/firefly/Work/mylibs/libsCompile/opencv-2.4.9/build/CMakeFiles/CMakeTmp'
Building C object CMakeFiles/cmTC_2501a.dir/CheckIncludeFile.c.o
/usr/bin/cc    -fsigned-char -W -Wall -Werror=return-type -Werror=address -Werror=sequence-point -Wformat -Werror=format-security -Wmissing-declarations -Wmissing-prototypes -Wstrict-prototypes -Wundef -Winit-self -Wpointer-arith -Wshadow -Wno-narrowing -fdiagnostics-show-option -pthread -fomit-frame-pointer -ffunction-sections  -O3 -DNDEBUG   -o CMakeFiles/cmTC_2501a.dir/CheckIncludeFile.c.o   -c /home/firefly/Work/mylibs/libsCompile/opencv-2.4.9/build/CMakeFiles/CMakeTmp/CheckIncludeFile.c
/home/firefly/Work/mylibs/libsCompile/opencv-2.4.9/build/CMakeFiles/CMakeTmp/CheckIncludeFile.c:1:29: fatal error: ffmpeg/avformat.h: No such file or directory
compilation terminated.
CMakeFiles/cmTC_2501a.dir/build.make:65: recipe for target 'CMakeFiles/cmTC_2501a.dir/CheckIncludeFile.c.o' failed
make[1]: *** [CMakeFiles/cmTC_2501a.dir/CheckIncludeFile.c.o] Error 1
make[1]: Leaving directory '/home/firefly/Work/mylibs/libsCompile/opencv-2.4.9/build/CMakeFiles/CMakeTmp'
Makefile:126: recipe for target 'cmTC_2501a/fast' failed
make: *** [cmTC_2501a/fast] Error 2


Determining if the include file linux/videodev.h exists failed with the following output:
Change Dir: /home/firefly/Work/mylibs/libsCompile/opencv-2.4.9/build/CMakeFiles/CMakeTmp

Run Build Command:"/usr/bin/make" "cmTC_dba8b/fast"
/usr/bin/make -f CMakeFiles/cmTC_dba8b.dir/build.make CMakeFiles/cmTC_dba8b.dir/build
make[1]: Entering directory '/home/firefly/Work/mylibs/libsCompile/opencv-2.4.9/build/CMakeFiles/CMakeTmp'
Building C object CMakeFiles/cmTC_dba8b.dir/CheckIncludeFile.c.o
/usr/bin/cc    -fsigned-char -W -Wall -Werror=return-type -Werror=address -Werror=sequence-point -Wformat -Werror=format-security -Wmissing-declarations -Wmissing-prototypes -Wstrict-prototypes -Wundef -Winit-self -Wpointer-arith -Wshadow -Wno-narrowing -fdiagnostics-show-option -pthread -fomit-frame-pointer -ffunction-sections  -O3 -DNDEBUG   -o CMakeFiles/cmTC_dba8b.dir/CheckIncludeFile.c.o   -c /home/firefly/Work/mylibs/libsCompile/opencv-2.4.9/build/CMakeFiles/CMakeTmp/CheckIncludeFile.c
/home/firefly/Work/mylibs/libsCompile/opencv-2.4.9/build/CMakeFiles/CMakeTmp/CheckIncludeFile.c:1:28: fatal error: linux/videodev.h: No such file or directory
compilation terminated.
CMakeFiles/cmTC_dba8b.dir/build.make:65: recipe for target 'CMakeFiles/cmTC_dba8b.dir/CheckIncludeFile.c.o' failed
make[1]: *** [CMakeFiles/cmTC_dba8b.dir/CheckIncludeFile.c.o] Error 1
make[1]: Leaving directory '/home/firefly/Work/mylibs/libsCompile/opencv-2.4.9/build/CMakeFiles/CMakeTmp'
Makefile:126: recipe for target 'cmTC_dba8b/fast' failed
make: *** [cmTC_dba8b/fast] Error 2


Determining if the include file sys/videoio.h exists failed with the following output:
Change Dir: /home/firefly/Work/mylibs/libsCompile/opencv-2.4.9/build/CMakeFiles/CMakeTmp

Run Build Command:"/usr/bin/make" "cmTC_58aa1/fast"
/usr/bin/make -f CMakeFiles/cmTC_58aa1.dir/build.make CMakeFiles/cmTC_58aa1.dir/build
make[1]: Entering directory '/home/firefly/Work/mylibs/libsCompile/opencv-2.4.9/build/CMakeFiles/CMakeTmp'
Building C object CMakeFiles/cmTC_58aa1.dir/CheckIncludeFile.c.o
/usr/bin/cc    -fsigned-char -W -Wall -Werror=return-type -Werror=address -Werror=sequence-point -Wformat -Werror=format-security -Wmissing-declarations -Wmissing-prototypes -Wstrict-prototypes -Wundef -Winit-self -Wpointer-arith -Wshadow -Wno-narrowing -fdiagnostics-show-option -pthread -fomit-frame-pointer -ffunction-sections  -O3 -DNDEBUG   -o CMakeFiles/cmTC_58aa1.dir/CheckIncludeFile.c.o   -c /home/firefly/Work/mylibs/libsCompile/opencv-2.4.9/build/CMakeFiles/CMakeTmp/CheckIncludeFile.c
/home/firefly/Work/mylibs/libsCompile/opencv-2.4.9/build/CMakeFiles/CMakeTmp/CheckIncludeFile.c:1:25: fatal error: sys/videoio.h: No such file or directory
compilation terminated.
CMakeFiles/cmTC_58aa1.dir/build.make:65: recipe for target 'CMakeFiles/cmTC_58aa1.dir/CheckIncludeFile.c.o' failed
make[1]: *** [CMakeFiles/cmTC_58aa1.dir/CheckIncludeFile.c.o] Error 1
make[1]: Leaving directory '/home/firefly/Work/mylibs/libsCompile/opencv-2.4.9/build/CMakeFiles/CMakeTmp'
Makefile:126: recipe for target 'cmTC_58aa1/fast' failed
make: *** [cmTC_58aa1/fast] Error 2


Determining if the include file ffmpeg/avformat.h exists failed with the following output:
Change Dir: /home/firefly/Work/mylibs/libsCompile/opencv-2.4.9/build/CMakeFiles/CMakeTmp

Run Build Command:"/usr/bin/make" "cmTC_4974a/fast"
/usr/bin/make -f CMakeFiles/cmTC_4974a.dir/build.make CMakeFiles/cmTC_4974a.dir/build
make[1]: Entering directory '/home/firefly/Work/mylibs/libsCompile/opencv-2.4.9/build/CMakeFiles/CMakeTmp'
Building C object CMakeFiles/cmTC_4974a.dir/CheckIncludeFile.c.o
/usr/bin/cc    -fsigned-char -W -Wall -Werror=return-type -Werror=address -Werror=sequence-point -Wformat -Werror=format-security -Wmissing-declarations -Wmissing-prototypes -Wstrict-prototypes -Wundef -Winit-self -Wpointer-arith -Wshadow -Wno-narrowing -fdiagnostics-show-option -pthread -fomit-frame-pointer -ffunction-sections  -O3 -DNDEBUG   -o CMakeFiles/cmTC_4974a.dir/CheckIncludeFile.c.o   -c /home/firefly/Work/mylibs/libsCompile/opencv-2.4.9/build/CMakeFiles/CMakeTmp/CheckIncludeFile.c
/home/firefly/Work/mylibs/libsCompile/opencv-2.4.9/build/CMakeFiles/CMakeTmp/CheckIncludeFile.c:1:29: fatal error: ffmpeg/avformat.h: No such file or directory
compilation terminated.
CMakeFiles/cmTC_4974a.dir/build.make:65: recipe for target 'CMakeFiles/cmTC_4974a.dir/CheckIncludeFile.c.o' failed
make[1]: *** [CMakeFiles/cmTC_4974a.dir/CheckIncludeFile.c.o] Error 1
make[1]: Leaving directory '/home/firefly/Work/mylibs/libsCompile/opencv-2.4.9/build/CMakeFiles/CMakeTmp'
Makefile:126: recipe for target 'cmTC_4974a/fast' failed
make: *** [cmTC_4974a/fast] Error 2


